2018-12-24 18:25:33,411 [Worker-5] INFO  c.g.t.t.d.PublishedGradleVersions - Gradle version information cache is not available. Remote download required.
2018-12-24 18:25:39,725 [Worker-0] INFO  o.e.m.c.i.i.nexus.NexusIndexManager - Updating index for repository: central|https://repo.maven.apache.org/maven2
2018-12-24 18:25:41,949 [Worker-13] INFO  o.e.m.c.i.e.AbstractTransferListenerAdapter - Downloaded https://repo.maven.apache.org/maven2/org/icefaces/icefaces/1.8.0/icefaces-1.8.0.jar
2018-12-24 18:25:43,098 [Worker-13] INFO  o.e.m.c.i.e.AbstractTransferListenerAdapter - Downloading https://repo.maven.apache.org/maven2/org/apache/maven/plugins/maven-clean-plugin/2.5/maven-clean-plugin-2.5.pom
2018-12-24 18:25:43,328 [Worker-13] INFO  o.e.m.c.i.e.AbstractTransferListenerAdapter - Downloaded https://repo.maven.apache.org/maven2/org/apache/maven/plugins/maven-clean-plugin/2.5/maven-clean-plugin-2.5.pom
2018-12-24 18:25:43,597 [Worker-13] INFO  o.e.m.c.i.e.AbstractTransferListenerAdapter - Downloading https://repo.maven.apache.org/maven2/org/apache/maven/plugins/maven-plugins/22/maven-plugins-22.pom
2018-12-24 18:25:44,358 [Worker-13] INFO  o.e.m.c.i.e.AbstractTransferListenerAdapter - Downloaded https://repo.maven.apache.org/maven2/org/apache/maven/plugins/maven-plugins/22/maven-plugins-22.pom
2018-12-24 18:25:44,774 [Worker-13] INFO  o.e.m.c.i.e.AbstractTransferListenerAdapter - Downloading https://repo.maven.apache.org/maven2/org/apache/maven/maven-parent/21/maven-parent-21.pom
2018-12-24 18:25:45,209 [Worker-13] INFO  o.e.m.c.i.e.AbstractTransferListenerAdapter - Downloaded https://repo.maven.apache.org/maven2/org/apache/maven/maven-parent/21/maven-parent-21.pom
2018-12-24 18:25:45,660 [Worker-13] INFO  o.e.m.c.i.e.AbstractTransferListenerAdapter - Downloading https://repo.maven.apache.org/maven2/org/apache/apache/10/apache-10.pom
2018-12-24 18:25:46,038 [Worker-13] INFO  o.e.m.c.i.e.AbstractTransferListenerAdapter - Downloaded https://repo.maven.apache.org/maven2/org/apache/apache/10/apache-10.pom
2018-12-24 18:25:46,363 [Worker-13] INFO  o.e.m.c.i.e.AbstractTransferListenerAdapter - Downloading https://repo.maven.apache.org/maven2/org/apache/maven/plugins/maven-clean-plugin/2.5/maven-clean-plugin-2.5.jar
2018-12-24 18:25:46,698 [Worker-13] INFO  o.e.m.c.i.e.AbstractTransferListenerAdapter - Downloaded https://repo.maven.apache.org/maven2/org/apache/maven/plugins/maven-clean-plugin/2.5/maven-clean-plugin-2.5.jar
2018-12-24 18:25:47,120 [Worker-13] INFO  o.e.m.c.i.e.AbstractTransferListenerAdapter - Downloading https://repo.maven.apache.org/maven2/org/apache/maven/plugins/maven-install-plugin/2.4/maven-install-plugin-2.4.pom
2018-12-24 18:25:47,475 [Worker-13] INFO  o.e.m.c.i.e.AbstractTransferListenerAdapter - Downloaded https://repo.maven.apache.org/maven2/org/apache/maven/plugins/maven-install-plugin/2.4/maven-install-plugin-2.4.pom
2018-12-24 18:25:47,843 [Worker-13] INFO  o.e.m.c.i.e.AbstractTransferListenerAdapter - Downloading https://repo.maven.apache.org/maven2/org/apache/maven/plugins/maven-plugins/23/maven-plugins-23.pom
2018-12-24 18:25:48,221 [Worker-13] INFO  o.e.m.c.i.e.AbstractTransferListenerAdapter - Downloaded https://repo.maven.apache.org/maven2/org/apache/maven/plugins/maven-plugins/23/maven-plugins-23.pom
2018-12-24 18:25:48,611 [Worker-13] INFO  o.e.m.c.i.e.AbstractTransferListenerAdapter - Downloading https://repo.maven.apache.org/maven2/org/apache/maven/maven-parent/22/maven-parent-22.pom
2018-12-24 18:25:49,011 [Worker-13] INFO  o.e.m.c.i.e.AbstractTransferListenerAdapter - Downloaded https://repo.maven.apache.org/maven2/org/apache/maven/maven-parent/22/maven-parent-22.pom
2018-12-24 18:25:49,420 [Worker-13] INFO  o.e.m.c.i.e.AbstractTransferListenerAdapter - Downloading https://repo.maven.apache.org/maven2/org/apache/apache/11/apache-11.pom
2018-12-24 18:25:49,833 [Worker-13] INFO  o.e.m.c.i.e.AbstractTransferListenerAdapter - Downloaded https://repo.maven.apache.org/maven2/org/apache/apache/11/apache-11.pom
2018-12-24 18:25:50,264 [Worker-13] INFO  o.e.m.c.i.e.AbstractTransferListenerAdapter - Downloading https://repo.maven.apache.org/maven2/org/apache/maven/plugins/maven-install-plugin/2.4/maven-install-plugin-2.4.jar
2018-12-24 18:25:50,694 [Worker-13] INFO  o.e.m.c.i.e.AbstractTransferListenerAdapter - Downloaded https://repo.maven.apache.org/maven2/org/apache/maven/plugins/maven-install-plugin/2.4/maven-install-plugin-2.4.jar
2018-12-24 18:25:51,219 [Worker-13] INFO  o.e.m.c.i.e.AbstractTransferListenerAdapter - Downloading https://repo.maven.apache.org/maven2/org/apache/maven/maven-plugin-api/2.0.6/maven-plugin-api-2.0.6.pom
2018-12-24 18:25:51,660 [Worker-13] INFO  o.e.m.c.i.e.AbstractTransferListenerAdapter - Downloaded https://repo.maven.apache.org/maven2/org/apache/maven/maven-plugin-api/2.0.6/maven-plugin-api-2.0.6.pom
2018-12-24 18:25:52,111 [Worker-13] INFO  o.e.m.c.i.e.AbstractTransferListenerAdapter - Downloading https://repo.maven.apache.org/maven2/org/apache/maven/maven/2.0.6/maven-2.0.6.pom
2018-12-24 18:25:52,544 [Worker-13] INFO  o.e.m.c.i.e.AbstractTransferListenerAdapter - Downloaded https://repo.maven.apache.org/maven2/org/apache/maven/maven/2.0.6/maven-2.0.6.pom
2018-12-24 18:25:52,863 [Worker-13] INFO  o.e.m.c.i.e.AbstractTransferListenerAdapter - Downloading https://repo.maven.apache.org/maven2/org/apache/maven/maven-parent/5/maven-parent-5.pom
2018-12-24 18:25:53,170 [Worker-13] INFO  o.e.m.c.i.e.AbstractTransferListenerAdapter - Downloaded https://repo.maven.apache.org/maven2/org/apache/maven/maven-parent/5/maven-parent-5.pom
2018-12-24 18:25:53,398 [Worker-13] INFO  o.e.m.c.i.e.AbstractTransferListenerAdapter - Downloading https://repo.maven.apache.org/maven2/org/apache/apache/3/apache-3.pom
2018-12-24 18:25:53,628 [Worker-13] INFO  o.e.m.c.i.e.AbstractTransferListenerAdapter - Downloaded https://repo.maven.apache.org/maven2/org/apache/apache/3/apache-3.pom
2018-12-24 18:25:53,870 [Worker-13] INFO  o.e.m.c.i.e.AbstractTransferListenerAdapter - Downloading https://repo.maven.apache.org/maven2/org/apache/maven/maven-project/2.0.6/maven-project-2.0.6.pom
2018-12-24 18:25:54,105 [Worker-13] INFO  o.e.m.c.i.e.AbstractTransferListenerAdapter - Downloaded https://repo.maven.apache.org/maven2/org/apache/maven/maven-project/2.0.6/maven-project-2.0.6.pom
2018-12-24 18:25:54,352 [Worker-13] INFO  o.e.m.c.i.e.AbstractTransferListenerAdapter - Downloading https://repo.maven.apache.org/maven2/org/apache/maven/maven-settings/2.0.6/maven-settings-2.0.6.pom
2018-12-24 18:25:54,596 [Worker-13] INFO  o.e.m.c.i.e.AbstractTransferListenerAdapter - Downloaded https://repo.maven.apache.org/maven2/org/apache/maven/maven-settings/2.0.6/maven-settings-2.0.6.pom
2018-12-24 18:25:54,847 [Worker-13] INFO  o.e.m.c.i.e.AbstractTransferListenerAdapter - Downloading https://repo.maven.apache.org/maven2/org/apache/maven/maven-model/2.0.6/maven-model-2.0.6.pom
2018-12-24 18:25:55,095 [Worker-13] INFO  o.e.m.c.i.e.AbstractTransferListenerAdapter - Downloaded https://repo.maven.apache.org/maven2/org/apache/maven/maven-model/2.0.6/maven-model-2.0.6.pom
2018-12-24 18:25:55,354 [Worker-13] INFO  o.e.m.c.i.e.AbstractTransferListenerAdapter - Downloading https://repo.maven.apache.org/maven2/org/codehaus/plexus/plexus-utils/1.4.1/plexus-utils-1.4.1.pom
2018-12-24 18:25:55,607 [Worker-13] INFO  o.e.m.c.i.e.AbstractTransferListenerAdapter - Downloaded https://repo.maven.apache.org/maven2/org/codehaus/plexus/plexus-utils/1.4.1/plexus-utils-1.4.1.pom
2018-12-24 18:25:55,865 [Worker-13] INFO  o.e.m.c.i.e.AbstractTransferListenerAdapter - Downloading https://repo.maven.apache.org/maven2/org/codehaus/plexus/plexus/1.0.11/plexus-1.0.11.pom
2018-12-24 18:25:56,123 [Worker-13] INFO  o.e.m.c.i.e.AbstractTransferListenerAdapter - Downloaded https://repo.maven.apache.org/maven2/org/codehaus/plexus/plexus/1.0.11/plexus-1.0.11.pom
2018-12-24 18:25:56,388 [Worker-13] INFO  o.e.m.c.i.e.AbstractTransferListenerAdapter - Downloading https://repo.maven.apache.org/maven2/org/codehaus/plexus/plexus-container-default/1.0-alpha-9-stable-1/plexus-container-default-1.0-alpha-9-stable-1.pom
2018-12-24 18:25:56,649 [Worker-13] INFO  o.e.m.c.i.e.AbstractTransferListenerAdapter - Downloaded https://repo.maven.apache.org/maven2/org/codehaus/plexus/plexus-container-default/1.0-alpha-9-stable-1/plexus-container-default-1.0-alpha-9-stable-1.pom
2018-12-24 18:25:56,913 [Worker-13] INFO  o.e.m.c.i.e.AbstractTransferListenerAdapter - Downloading https://repo.maven.apache.org/maven2/org/codehaus/plexus/plexus-containers/1.0.3/plexus-containers-1.0.3.pom
2018-12-24 18:25:57,176 [Worker-13] INFO  o.e.m.c.i.e.AbstractTransferListenerAdapter - Downloaded https://repo.maven.apache.org/maven2/org/codehaus/plexus/plexus-containers/1.0.3/plexus-containers-1.0.3.pom
2018-12-24 18:25:57,442 [Worker-13] INFO  o.e.m.c.i.e.AbstractTransferListenerAdapter - Downloading https://repo.maven.apache.org/maven2/org/codehaus/plexus/plexus/1.0.4/plexus-1.0.4.pom
2018-12-24 18:25:57,708 [Worker-13] INFO  o.e.m.c.i.e.AbstractTransferListenerAdapter - Downloaded https://repo.maven.apache.org/maven2/org/codehaus/plexus/plexus/1.0.4/plexus-1.0.4.pom
2018-12-24 18:25:57,978 [Worker-13] INFO  o.e.m.c.i.e.AbstractTransferListenerAdapter - Downloading https://repo.maven.apache.org/maven2/junit/junit/3.8.1/junit-3.8.1.pom
2018-12-24 18:25:58,246 [Worker-13] INFO  o.e.m.c.i.e.AbstractTransferListenerAdapter - Downloaded https://repo.maven.apache.org/maven2/junit/junit/3.8.1/junit-3.8.1.pom
2018-12-24 18:25:58,518 [Worker-13] INFO  o.e.m.c.i.e.AbstractTransferListenerAdapter - Downloading https://repo.maven.apache.org/maven2/org/codehaus/plexus/plexus-utils/1.0.4/plexus-utils-1.0.4.pom
2018-12-24 18:25:58,788 [Worker-13] INFO  o.e.m.c.i.e.AbstractTransferListenerAdapter - Downloaded https://repo.maven.apache.org/maven2/org/codehaus/plexus/plexus-utils/1.0.4/plexus-utils-1.0.4.pom
2018-12-24 18:25:59,061 [Worker-13] INFO  o.e.m.c.i.e.AbstractTransferListenerAdapter - Downloading https://repo.maven.apache.org/maven2/classworlds/classworlds/1.1-alpha-2/classworlds-1.1-alpha-2.pom
2018-12-24 18:25:59,329 [Worker-13] INFO  o.e.m.c.i.e.AbstractTransferListenerAdapter - Downloaded https://repo.maven.apache.org/maven2/classworlds/classworlds/1.1-alpha-2/classworlds-1.1-alpha-2.pom
2018-12-24 18:25:59,603 [Worker-13] INFO  o.e.m.c.i.e.AbstractTransferListenerAdapter - Downloading https://repo.maven.apache.org/maven2/org/apache/maven/maven-profile/2.0.6/maven-profile-2.0.6.pom
2018-12-24 18:25:59,874 [Worker-13] INFO  o.e.m.c.i.e.AbstractTransferListenerAdapter - Downloaded https://repo.maven.apache.org/maven2/org/apache/maven/maven-profile/2.0.6/maven-profile-2.0.6.pom
2018-12-24 18:26:00,152 [Worker-13] INFO  o.e.m.c.i.e.AbstractTransferListenerAdapter - Downloading https://repo.maven.apache.org/maven2/org/apache/maven/maven-artifact-manager/2.0.6/maven-artifact-manager-2.0.6.pom
2018-12-24 18:26:00,425 [Worker-13] INFO  o.e.m.c.i.e.AbstractTransferListenerAdapter - Downloaded https://repo.maven.apache.org/maven2/org/apache/maven/maven-artifact-manager/2.0.6/maven-artifact-manager-2.0.6.pom
2018-12-24 18:26:00,702 [Worker-13] INFO  o.e.m.c.i.e.AbstractTransferListenerAdapter - Downloading https://repo.maven.apache.org/maven2/org/apache/maven/maven-repository-metadata/2.0.6/maven-repository-metadata-2.0.6.pom
2018-12-24 18:26:00,971 [Worker-13] INFO  o.e.m.c.i.e.AbstractTransferListenerAdapter - Downloaded https://repo.maven.apache.org/maven2/org/apache/maven/maven-repository-metadata/2.0.6/maven-repository-metadata-2.0.6.pom
2018-12-24 18:26:01,246 [Worker-13] INFO  o.e.m.c.i.e.AbstractTransferListenerAdapter - Downloading https://repo.maven.apache.org/maven2/org/apache/maven/maven-artifact/2.0.6/maven-artifact-2.0.6.pom
2018-12-24 18:26:01,516 [Worker-13] INFO  o.e.m.c.i.e.AbstractTransferListenerAdapter - Downloaded https://repo.maven.apache.org/maven2/org/apache/maven/maven-artifact/2.0.6/maven-artifact-2.0.6.pom
2018-12-24 18:26:01,790 [Worker-13] INFO  o.e.m.c.i.e.AbstractTransferListenerAdapter - Downloading https://repo.maven.apache.org/maven2/org/apache/maven/maven-plugin-registry/2.0.6/maven-plugin-registry-2.0.6.pom
2018-12-24 18:26:02,061 [Worker-13] INFO  o.e.m.c.i.e.AbstractTransferListenerAdapter - Downloaded https://repo.maven.apache.org/maven2/org/apache/maven/maven-plugin-registry/2.0.6/maven-plugin-registry-2.0.6.pom
2018-12-24 18:26:02,336 [Worker-13] INFO  o.e.m.c.i.e.AbstractTransferListenerAdapter - Downloading https://repo.maven.apache.org/maven2/org/codehaus/plexus/plexus-utils/3.0.5/plexus-utils-3.0.5.pom
2018-12-24 18:26:02,605 [Worker-13] INFO  o.e.m.c.i.e.AbstractTransferListenerAdapter - Downloaded https://repo.maven.apache.org/maven2/org/codehaus/plexus/plexus-utils/3.0.5/plexus-utils-3.0.5.pom
2018-12-24 18:26:02,878 [Worker-13] INFO  o.e.m.c.i.e.AbstractTransferListenerAdapter - Downloading https://repo.maven.apache.org/maven2/org/codehaus/plexus/plexus/3.1/plexus-3.1.pom
2018-12-24 18:26:03,152 [Worker-13] INFO  o.e.m.c.i.e.AbstractTransferListenerAdapter - Downloaded https://repo.maven.apache.org/maven2/org/codehaus/plexus/plexus/3.1/plexus-3.1.pom
2018-12-24 18:26:03,424 [Worker-13] INFO  o.e.m.c.i.e.AbstractTransferListenerAdapter - Downloading https://repo.maven.apache.org/maven2/org/sonatype/spice/spice-parent/17/spice-parent-17.pom
2018-12-24 18:26:03,696 [Worker-13] INFO  o.e.m.c.i.e.AbstractTransferListenerAdapter - Downloaded https://repo.maven.apache.org/maven2/org/sonatype/spice/spice-parent/17/spice-parent-17.pom
2018-12-24 18:26:03,971 [Worker-13] INFO  o.e.m.c.i.e.AbstractTransferListenerAdapter - Downloading https://repo.maven.apache.org/maven2/org/sonatype/forge/forge-parent/10/forge-parent-10.pom
2018-12-24 18:26:04,245 [Worker-13] INFO  o.e.m.c.i.e.AbstractTransferListenerAdapter - Downloaded https://repo.maven.apache.org/maven2/org/sonatype/forge/forge-parent/10/forge-parent-10.pom
2018-12-24 18:26:04,528 [Worker-13] INFO  o.e.m.c.i.e.AbstractTransferListenerAdapter - Downloading https://repo.maven.apache.org/maven2/org/codehaus/plexus/plexus-digest/1.0/plexus-digest-1.0.pom
2018-12-24 18:26:04,801 [Worker-13] INFO  o.e.m.c.i.e.AbstractTransferListenerAdapter - Downloaded https://repo.maven.apache.org/maven2/org/codehaus/plexus/plexus-digest/1.0/plexus-digest-1.0.pom
2018-12-24 18:26:05,079 [Worker-13] INFO  o.e.m.c.i.e.AbstractTransferListenerAdapter - Downloading https://repo.maven.apache.org/maven2/org/codehaus/plexus/plexus-components/1.1.7/plexus-components-1.1.7.pom
2018-12-24 18:26:05,358 [Worker-13] INFO  o.e.m.c.i.e.AbstractTransferListenerAdapter - Downloaded https://repo.maven.apache.org/maven2/org/codehaus/plexus/plexus-components/1.1.7/plexus-components-1.1.7.pom
2018-12-24 18:26:05,636 [Worker-13] INFO  o.e.m.c.i.e.AbstractTransferListenerAdapter - Downloading https://repo.maven.apache.org/maven2/org/codehaus/plexus/plexus/1.0.8/plexus-1.0.8.pom
2018-12-24 18:26:05,916 [Worker-13] INFO  o.e.m.c.i.e.AbstractTransferListenerAdapter - Downloaded https://repo.maven.apache.org/maven2/org/codehaus/plexus/plexus/1.0.8/plexus-1.0.8.pom
2018-12-24 18:26:06,201 [Worker-13] INFO  o.e.m.c.i.e.AbstractTransferListenerAdapter - Downloading https://repo.maven.apache.org/maven2/org/codehaus/plexus/plexus-container-default/1.0-alpha-8/plexus-container-default-1.0-alpha-8.pom
2018-12-24 18:26:06,487 [Worker-13] INFO  o.e.m.c.i.e.AbstractTransferListenerAdapter - Downloaded https://repo.maven.apache.org/maven2/org/codehaus/plexus/plexus-container-default/1.0-alpha-8/plexus-container-default-1.0-alpha-8.pom
2018-12-24 18:26:06,821 [Worker-13] INFO  o.e.m.c.i.e.AbstractTransferListenerAdapter - Downloading https://repo.maven.apache.org/maven2/org/apache/maven/maven-plugin-api/2.0.6/maven-plugin-api-2.0.6.jar
2018-12-24 18:26:07,112 [Worker-13] INFO  o.e.m.c.i.e.AbstractTransferListenerAdapter - Downloaded https://repo.maven.apache.org/maven2/org/apache/maven/maven-plugin-api/2.0.6/maven-plugin-api-2.0.6.jar
2018-12-24 18:26:07,400 [Worker-13] INFO  o.e.m.c.i.e.AbstractTransferListenerAdapter - Downloading https://repo.maven.apache.org/maven2/org/apache/maven/maven-project/2.0.6/maven-project-2.0.6.jar
2018-12-24 18:26:08,303 [Worker-13] INFO  o.e.m.c.i.e.AbstractTransferListenerAdapter - Downloaded https://repo.maven.apache.org/maven2/org/apache/maven/maven-project/2.0.6/maven-project-2.0.6.jar
2018-12-24 18:26:08,608 [Worker-13] INFO  o.e.m.c.i.e.AbstractTransferListenerAdapter - Downloading https://repo.maven.apache.org/maven2/org/apache/maven/maven-settings/2.0.6/maven-settings-2.0.6.jar
2018-12-24 18:26:08,929 [Worker-13] INFO  o.e.m.c.i.e.AbstractTransferListenerAdapter - Downloaded https://repo.maven.apache.org/maven2/org/apache/maven/maven-settings/2.0.6/maven-settings-2.0.6.jar
2018-12-24 18:26:09,244 [Worker-13] INFO  o.e.m.c.i.e.AbstractTransferListenerAdapter - Downloading https://repo.maven.apache.org/maven2/org/apache/maven/maven-profile/2.0.6/maven-profile-2.0.6.jar
2018-12-24 18:26:09,575 [Worker-13] INFO  o.e.m.c.i.e.AbstractTransferListenerAdapter - Downloaded https://repo.maven.apache.org/maven2/org/apache/maven/maven-profile/2.0.6/maven-profile-2.0.6.jar
2018-12-24 18:26:09,903 [Worker-13] INFO  o.e.m.c.i.e.AbstractTransferListenerAdapter - Downloading https://repo.maven.apache.org/maven2/org/apache/maven/maven-plugin-registry/2.0.6/maven-plugin-registry-2.0.6.jar
2018-12-24 18:26:10,248 [Worker-13] INFO  o.e.m.c.i.e.AbstractTransferListenerAdapter - Downloaded https://repo.maven.apache.org/maven2/org/apache/maven/maven-plugin-registry/2.0.6/maven-plugin-registry-2.0.6.jar
2018-12-24 18:26:10,591 [Worker-13] INFO  o.e.m.c.i.e.AbstractTransferListenerAdapter - Downloading https://repo.maven.apache.org/maven2/org/codehaus/plexus/plexus-container-default/1.0-alpha-9-stable-1/plexus-container-default-1.0-alpha-9-stable-1.jar
2018-12-24 18:26:12,086 [Worker-13] INFO  o.e.m.c.i.e.AbstractTransferListenerAdapter - Downloaded https://repo.maven.apache.org/maven2/org/codehaus/plexus/plexus-container-default/1.0-alpha-9-stable-1/plexus-container-default-1.0-alpha-9-stable-1.jar
2018-12-24 18:26:12,484 [Worker-13] INFO  o.e.m.c.i.e.AbstractTransferListenerAdapter - Downloading https://repo.maven.apache.org/maven2/junit/junit/3.8.1/junit-3.8.1.jar
2018-12-24 18:26:13,348 [Worker-13] INFO  o.e.m.c.i.e.AbstractTransferListenerAdapter - Downloaded https://repo.maven.apache.org/maven2/junit/junit/3.8.1/junit-3.8.1.jar
2018-12-24 18:26:13,786 [Worker-13] INFO  o.e.m.c.i.e.AbstractTransferListenerAdapter - Downloading https://repo.maven.apache.org/maven2/classworlds/classworlds/1.1-alpha-2/classworlds-1.1-alpha-2.jar
2018-12-24 18:26:14,106 [Worker-13] INFO  o.e.m.c.i.e.AbstractTransferListenerAdapter - Downloaded https://repo.maven.apache.org/maven2/classworlds/classworlds/1.1-alpha-2/classworlds-1.1-alpha-2.jar
2018-12-24 18:26:14,409 [Worker-13] INFO  o.e.m.c.i.e.AbstractTransferListenerAdapter - Downloading https://repo.maven.apache.org/maven2/org/apache/maven/maven-model/2.0.6/maven-model-2.0.6.jar
2018-12-24 18:26:14,870 [Worker-13] INFO  o.e.m.c.i.e.AbstractTransferListenerAdapter - Downloaded https://repo.maven.apache.org/maven2/org/apache/maven/maven-model/2.0.6/maven-model-2.0.6.jar
2018-12-24 18:26:15,099 [Worker-13] INFO  o.e.m.c.i.e.AbstractTransferListenerAdapter - Downloading https://repo.maven.apache.org/maven2/org/apache/maven/maven-artifact-manager/2.0.6/maven-artifact-manager-2.0.6.jar
2018-12-24 18:26:15,344 [Worker-13] INFO  o.e.m.c.i.e.AbstractTransferListenerAdapter - Downloaded https://repo.maven.apache.org/maven2/org/apache/maven/maven-artifact-manager/2.0.6/maven-artifact-manager-2.0.6.jar
2018-12-24 18:26:15,579 [Worker-13] INFO  o.e.m.c.i.e.AbstractTransferListenerAdapter - Downloading https://repo.maven.apache.org/maven2/org/apache/maven/maven-repository-metadata/2.0.6/maven-repository-metadata-2.0.6.jar
2018-12-24 18:26:15,826 [Worker-13] INFO  o.e.m.c.i.e.AbstractTransferListenerAdapter - Downloaded https://repo.maven.apache.org/maven2/org/apache/maven/maven-repository-metadata/2.0.6/maven-repository-metadata-2.0.6.jar
2018-12-24 18:26:16,067 [Worker-13] INFO  o.e.m.c.i.e.AbstractTransferListenerAdapter - Downloading https://repo.maven.apache.org/maven2/org/apache/maven/maven-artifact/2.0.6/maven-artifact-2.0.6.jar
2018-12-24 18:26:16,576 [Worker-13] INFO  o.e.m.c.i.e.AbstractTransferListenerAdapter - Downloaded https://repo.maven.apache.org/maven2/org/apache/maven/maven-artifact/2.0.6/maven-artifact-2.0.6.jar
2018-12-24 18:26:16,829 [Worker-13] INFO  o.e.m.c.i.e.AbstractTransferListenerAdapter - Downloading https://repo.maven.apache.org/maven2/org/codehaus/plexus/plexus-utils/3.0.5/plexus-utils-3.0.5.jar
2018-12-24 18:26:17,877 [Worker-13] INFO  o.e.m.c.i.e.AbstractTransferListenerAdapter - Downloaded https://repo.maven.apache.org/maven2/org/codehaus/plexus/plexus-utils/3.0.5/plexus-utils-3.0.5.jar
2018-12-24 18:26:18,135 [Worker-13] INFO  o.e.m.c.i.e.AbstractTransferListenerAdapter - Downloading https://repo.maven.apache.org/maven2/org/codehaus/plexus/plexus-digest/1.0/plexus-digest-1.0.jar
2018-12-24 18:26:18,404 [Worker-13] INFO  o.e.m.c.i.e.AbstractTransferListenerAdapter - Downloaded https://repo.maven.apache.org/maven2/org/codehaus/plexus/plexus-digest/1.0/plexus-digest-1.0.jar
2018-12-24 18:26:19,047 [Worker-13] INFO  o.e.m.c.i.embedder.EclipseLogger - Installing D:\software\myeclipse2017\plugins\com.genuitec.eclipse.icefaces_13.0.0.me201602031002\data\1.8.0\ICEfaces\icefaces.jar to C:\Users\Administrator\.m2\repository\org\icefaces\icefaces\1.8.0\icefaces-1.8.0.jar
2018-12-24 18:26:19,123 [Worker-13] INFO  o.e.m.c.i.embedder.EclipseLogger - Installing C:\Users\ADMINI~1\AppData\Local\Temp\mvninstall3813396678187165564.pom to C:\Users\Administrator\.m2\repository\org\icefaces\icefaces\1.8.0\icefaces-1.8.0.pom
2018-12-24 18:26:20,527 [Worker-13] INFO  o.e.m.c.i.e.AbstractTransferListenerAdapter - Downloaded https://repo.maven.apache.org/maven2/org/icefaces/icefaces/1.7.2/icefaces-1.7.2.jar
2018-12-24 18:26:20,539 [Worker-13] INFO  o.e.m.c.i.embedder.EclipseLogger - Installing D:\software\myeclipse2017\plugins\com.genuitec.eclipse.icefaces_13.0.0.me201602031002\data\1.7.2\ICEfaces\icefaces.jar to C:\Users\Administrator\.m2\repository\org\icefaces\icefaces\1.7.2\icefaces-1.7.2.jar
2018-12-24 18:26:20,568 [Worker-13] INFO  o.e.m.c.i.embedder.EclipseLogger - Installing C:\Users\ADMINI~1\AppData\Local\Temp\mvninstall7895439356331346966.pom to C:\Users\Administrator\.m2\repository\org\icefaces\icefaces\1.7.2\icefaces-1.7.2.pom
2018-12-24 18:26:21,666 [Worker-13] INFO  o.e.m.c.i.e.AbstractTransferListenerAdapter - Downloaded https://repo.maven.apache.org/maven2/org/icefaces/icefaces/1.7.1/icefaces-1.7.1.jar
2018-12-24 18:26:21,676 [Worker-13] INFO  o.e.m.c.i.embedder.EclipseLogger - Installing D:\software\myeclipse2017\plugins\com.genuitec.eclipse.icefaces_13.0.0.me201602031002\data\1.7.1\ICEfaces\icefaces.jar to C:\Users\Administrator\.m2\repository\org\icefaces\icefaces\1.7.1\icefaces-1.7.1.jar
2018-12-24 18:26:21,708 [Worker-13] INFO  o.e.m.c.i.embedder.EclipseLogger - Installing C:\Users\ADMINI~1\AppData\Local\Temp\mvninstall3321421440692536728.pom to C:\Users\Administrator\.m2\repository\org\icefaces\icefaces\1.7.1\icefaces-1.7.1.pom
2018-12-24 18:26:22,818 [Worker-13] INFO  o.e.m.c.i.e.AbstractTransferListenerAdapter - Downloaded https://repo.maven.apache.org/maven2/org/icefaces/icefaces/1.7.0/icefaces-1.7.0.jar
2018-12-24 18:26:22,832 [Worker-13] INFO  o.e.m.c.i.embedder.EclipseLogger - Installing D:\software\myeclipse2017\plugins\com.genuitec.eclipse.icefaces_13.0.0.me201602031002\data\1.7.0\ICEfaces\icefaces.jar to C:\Users\Administrator\.m2\repository\org\icefaces\icefaces\1.7.0\icefaces-1.7.0.jar
2018-12-24 18:26:22,858 [Worker-13] INFO  o.e.m.c.i.embedder.EclipseLogger - Installing C:\Users\ADMINI~1\AppData\Local\Temp\mvninstall1010335713861381982.pom to C:\Users\Administrator\.m2\repository\org\icefaces\icefaces\1.7.0\icefaces-1.7.0.pom
2018-12-24 18:26:23,995 [Worker-13] INFO  o.e.m.c.i.e.AbstractTransferListenerAdapter - Downloaded https://repo.maven.apache.org/maven2/org/icefaces/icefaces/1.6.2/icefaces-1.6.2.jar
2018-12-24 18:26:24,007 [Worker-13] INFO  o.e.m.c.i.embedder.EclipseLogger - Installing D:\software\myeclipse2017\plugins\com.genuitec.eclipse.icefaces_13.0.0.me201602031002\data\1.6.2\ICEfaces\icefaces.jar to C:\Users\Administrator\.m2\repository\org\icefaces\icefaces\1.6.2\icefaces-1.6.2.jar
2018-12-24 18:26:24,035 [Worker-13] INFO  o.e.m.c.i.embedder.EclipseLogger - Installing C:\Users\ADMINI~1\AppData\Local\Temp\mvninstall481092423414635470.pom to C:\Users\Administrator\.m2\repository\org\icefaces\icefaces\1.6.2\icefaces-1.6.2.pom
2018-12-24 18:26:25,154 [Worker-13] INFO  o.e.m.c.i.e.AbstractTransferListenerAdapter - Downloaded https://repo.maven.apache.org/maven2/org/icefaces/icefaces/1.6.1/icefaces-1.6.1.jar
2018-12-24 18:26:25,164 [Worker-13] INFO  o.e.m.c.i.embedder.EclipseLogger - Installing D:\software\myeclipse2017\plugins\com.genuitec.eclipse.icefaces_13.0.0.me201602031002\data\1.6.1\ICEfaces\icefaces.jar to C:\Users\Administrator\.m2\repository\org\icefaces\icefaces\1.6.1\icefaces-1.6.1.jar
2018-12-24 18:26:25,193 [Worker-13] INFO  o.e.m.c.i.embedder.EclipseLogger - Installing C:\Users\ADMINI~1\AppData\Local\Temp\mvninstall5260984812340867186.pom to C:\Users\Administrator\.m2\repository\org\icefaces\icefaces\1.6.1\icefaces-1.6.1.pom
2018-12-24 18:26:26,333 [Worker-13] INFO  o.e.m.c.i.e.AbstractTransferListenerAdapter - Downloaded https://repo.maven.apache.org/maven2/org/icepush/icepush/2.0.2/icepush-2.0.2.jar
2018-12-24 18:26:26,345 [Worker-13] INFO  o.e.m.c.i.embedder.EclipseLogger - Installing D:\software\myeclipse2017\plugins\com.genuitec.eclipse.icefaces_13.0.0.me201602031002\data\org.icepush\icepush\2.0\icepush.jar to C:\Users\Administrator\.m2\repository\org\icepush\icepush\2.0.2\icepush-2.0.2.jar
2018-12-24 18:26:26,370 [Worker-13] INFO  o.e.m.c.i.embedder.EclipseLogger - Installing C:\Users\ADMINI~1\AppData\Local\Temp\mvninstall6918278955783500099.pom to C:\Users\Administrator\.m2\repository\org\icepush\icepush\2.0.2\icepush-2.0.2.pom
2018-12-24 18:26:27,512 [Worker-13] INFO  o.e.m.c.i.e.AbstractTransferListenerAdapter - Downloaded https://repo.maven.apache.org/maven2/org/icefaces/icefaces-comps/1.8.0/icefaces-comps-1.8.0.jar
2018-12-24 18:26:27,525 [Worker-13] INFO  o.e.m.c.i.embedder.EclipseLogger - Installing D:\software\myeclipse2017\plugins\com.genuitec.eclipse.icefaces_13.0.0.me201602031002\data\1.8.0\ICEfaces\icefaces-comps.jar to C:\Users\Administrator\.m2\repository\org\icefaces\icefaces-comps\1.8.0\icefaces-comps-1.8.0.jar
2018-12-24 18:26:27,581 [Worker-13] INFO  o.e.m.c.i.embedder.EclipseLogger - Installing C:\Users\ADMINI~1\AppData\Local\Temp\mvninstall2853495843749484369.pom to C:\Users\Administrator\.m2\repository\org\icefaces\icefaces-comps\1.8.0\icefaces-comps-1.8.0.pom
2018-12-24 18:26:28,754 [Worker-13] INFO  o.e.m.c.i.e.AbstractTransferListenerAdapter - Downloaded https://repo.maven.apache.org/maven2/org/icefaces/icefaces-comps/1.7.2/icefaces-comps-1.7.2.jar
2018-12-24 18:26:28,765 [Worker-13] INFO  o.e.m.c.i.embedder.EclipseLogger - Installing D:\software\myeclipse2017\plugins\com.genuitec.eclipse.icefaces_13.0.0.me201602031002\data\1.7.2\ICEfaces\icefaces-comps.jar to C:\Users\Administrator\.m2\repository\org\icefaces\icefaces-comps\1.7.2\icefaces-comps-1.7.2.jar
2018-12-24 18:26:28,800 [Worker-13] INFO  o.e.m.c.i.embedder.EclipseLogger - Installing C:\Users\ADMINI~1\AppData\Local\Temp\mvninstall7811677577098672373.pom to C:\Users\Administrator\.m2\repository\org\icefaces\icefaces-comps\1.7.2\icefaces-comps-1.7.2.pom
2018-12-24 18:26:30,142 [Worker-13] INFO  o.e.m.c.i.e.AbstractTransferListenerAdapter - Downloaded https://repo.maven.apache.org/maven2/org/icefaces/icefaces-comps/1.7.1/icefaces-comps-1.7.1.jar
2018-12-24 18:26:30,157 [Worker-13] INFO  o.e.m.c.i.embedder.EclipseLogger - Installing D:\software\myeclipse2017\plugins\com.genuitec.eclipse.icefaces_13.0.0.me201602031002\data\1.7.1\ICEfaces\icefaces-comps.jar to C:\Users\Administrator\.m2\repository\org\icefaces\icefaces-comps\1.7.1\icefaces-comps-1.7.1.jar
2018-12-24 18:26:30,186 [Worker-13] INFO  o.e.m.c.i.embedder.EclipseLogger - Installing C:\Users\ADMINI~1\AppData\Local\Temp\mvninstall125732730812344715.pom to C:\Users\Administrator\.m2\repository\org\icefaces\icefaces-comps\1.7.1\icefaces-comps-1.7.1.pom
2018-12-24 18:26:31,559 [Worker-13] INFO  o.e.m.c.i.e.AbstractTransferListenerAdapter - Downloaded https://repo.maven.apache.org/maven2/org/icefaces/icefaces-comps/1.7.0/icefaces-comps-1.7.0.jar
2018-12-24 18:26:31,569 [Worker-13] INFO  o.e.m.c.i.embedder.EclipseLogger - Installing D:\software\myeclipse2017\plugins\com.genuitec.eclipse.icefaces_13.0.0.me201602031002\data\1.7.0\ICEfaces\icefaces-comps.jar to C:\Users\Administrator\.m2\repository\org\icefaces\icefaces-comps\1.7.0\icefaces-comps-1.7.0.jar
2018-12-24 18:26:31,593 [Worker-13] INFO  o.e.m.c.i.embedder.EclipseLogger - Installing C:\Users\ADMINI~1\AppData\Local\Temp\mvninstall4495700016550309381.pom to C:\Users\Administrator\.m2\repository\org\icefaces\icefaces-comps\1.7.0\icefaces-comps-1.7.0.pom
2018-12-24 18:26:33,080 [Worker-13] INFO  o.e.m.c.i.e.AbstractTransferListenerAdapter - Downloaded https://repo.maven.apache.org/maven2/org/icefaces/icefaces-comps/1.6.2/icefaces-comps-1.6.2.jar
2018-12-24 18:26:33,098 [Worker-13] INFO  o.e.m.c.i.embedder.EclipseLogger - Installing D:\software\myeclipse2017\plugins\com.genuitec.eclipse.icefaces_13.0.0.me201602031002\data\1.6.2\ICEfaces\icefaces-comps.jar to C:\Users\Administrator\.m2\repository\org\icefaces\icefaces-comps\1.6.2\icefaces-comps-1.6.2.jar
2018-12-24 18:26:33,122 [Worker-13] INFO  o.e.m.c.i.embedder.EclipseLogger - Installing C:\Users\ADMINI~1\AppData\Local\Temp\mvninstall3143153460442824315.pom to C:\Users\Administrator\.m2\repository\org\icefaces\icefaces-comps\1.6.2\icefaces-comps-1.6.2.pom
2018-12-24 18:26:34,830 [Worker-13] INFO  o.e.m.c.i.e.AbstractTransferListenerAdapter - Downloaded https://repo.maven.apache.org/maven2/org/icefaces/icefaces-comps/1.6.1/icefaces-comps-1.6.1.jar
2018-12-24 18:26:34,841 [Worker-13] INFO  o.e.m.c.i.embedder.EclipseLogger - Installing D:\software\myeclipse2017\plugins\com.genuitec.eclipse.icefaces_13.0.0.me201602031002\data\1.6.1\ICEfaces\icefaces-comps.jar to C:\Users\Administrator\.m2\repository\org\icefaces\icefaces-comps\1.6.1\icefaces-comps-1.6.1.jar
2018-12-24 18:26:34,866 [Worker-13] INFO  o.e.m.c.i.embedder.EclipseLogger - Installing C:\Users\ADMINI~1\AppData\Local\Temp\mvninstall7196198704639169602.pom to C:\Users\Administrator\.m2\repository\org\icefaces\icefaces-comps\1.6.1\icefaces-comps-1.6.1.pom
2018-12-24 18:26:36,141 [Worker-13] INFO  o.e.m.c.i.e.AbstractTransferListenerAdapter - Downloaded https://repo.maven.apache.org/maven2/org/icefaces/icefaces-facelets/1.8.0/icefaces-facelets-1.8.0.jar
2018-12-24 18:26:36,153 [Worker-13] INFO  o.e.m.c.i.embedder.EclipseLogger - Installing D:\software\myeclipse2017\plugins\com.genuitec.eclipse.icefaces_13.0.0.me201602031002\data\1.8.0\ICEfaces-Facelets\icefaces-facelets.jar to C:\Users\Administrator\.m2\repository\org\icefaces\icefaces-facelets\1.8.0\icefaces-facelets-1.8.0.jar
2018-12-24 18:26:36,178 [Worker-13] INFO  o.e.m.c.i.embedder.EclipseLogger - Installing C:\Users\ADMINI~1\AppData\Local\Temp\mvninstall2533241081629526019.pom to C:\Users\Administrator\.m2\repository\org\icefaces\icefaces-facelets\1.8.0\icefaces-facelets-1.8.0.pom
2018-12-24 18:26:37,155 [Worker-13] INFO  o.e.m.c.i.e.AbstractTransferListenerAdapter - Downloaded https://repo.maven.apache.org/maven2/org/icefaces/icefaces-facelets/1.7.2/icefaces-facelets-1.7.2.jar
2018-12-24 18:26:37,166 [Worker-13] INFO  o.e.m.c.i.embedder.EclipseLogger - Installing D:\software\myeclipse2017\plugins\com.genuitec.eclipse.icefaces_13.0.0.me201602031002\data\1.7.2\ICEfaces-Facelets\icefaces-facelets.jar to C:\Users\Administrator\.m2\repository\org\icefaces\icefaces-facelets\1.7.2\icefaces-facelets-1.7.2.jar
2018-12-24 18:26:37,192 [Worker-13] INFO  o.e.m.c.i.embedder.EclipseLogger - Installing C:\Users\ADMINI~1\AppData\Local\Temp\mvninstall7939862928653571588.pom to C:\Users\Administrator\.m2\repository\org\icefaces\icefaces-facelets\1.7.2\icefaces-facelets-1.7.2.pom
2018-12-24 18:26:38,223 [Worker-13] INFO  o.e.m.c.i.e.AbstractTransferListenerAdapter - Downloaded https://repo.maven.apache.org/maven2/org/icefaces/icefaces-facelets/1.7.1/icefaces-facelets-1.7.1.jar
2018-12-24 18:26:38,234 [Worker-13] INFO  o.e.m.c.i.embedder.EclipseLogger - Installing D:\software\myeclipse2017\plugins\com.genuitec.eclipse.icefaces_13.0.0.me201602031002\data\1.7.0\ICEfaces-Facelets\icefaces-facelets.jar to C:\Users\Administrator\.m2\repository\org\icefaces\icefaces-facelets\1.7.1\icefaces-facelets-1.7.1.jar
2018-12-24 18:26:38,261 [Worker-13] INFO  o.e.m.c.i.embedder.EclipseLogger - Installing C:\Users\ADMINI~1\AppData\Local\Temp\mvninstall908938257458770800.pom to C:\Users\Administrator\.m2\repository\org\icefaces\icefaces-facelets\1.7.1\icefaces-facelets-1.7.1.pom
2018-12-24 18:26:39,345 [Worker-13] INFO  o.e.m.c.i.e.AbstractTransferListenerAdapter - Downloaded https://repo.maven.apache.org/maven2/org/icefaces/icefaces-facelets/1.7.0/icefaces-facelets-1.7.0.jar
2018-12-24 18:26:39,354 [Worker-13] INFO  o.e.m.c.i.embedder.EclipseLogger - Installing D:\software\myeclipse2017\plugins\com.genuitec.eclipse.icefaces_13.0.0.me201602031002\data\1.7.0\ICEfaces-Facelets\icefaces-facelets.jar to C:\Users\Administrator\.m2\repository\org\icefaces\icefaces-facelets\1.7.0\icefaces-facelets-1.7.0.jar
2018-12-24 18:26:39,392 [Worker-13] INFO  o.e.m.c.i.embedder.EclipseLogger - Installing C:\Users\ADMINI~1\AppData\Local\Temp\mvninstall7389517064552376363.pom to C:\Users\Administrator\.m2\repository\org\icefaces\icefaces-facelets\1.7.0\icefaces-facelets-1.7.0.pom
2018-12-24 18:26:40,495 [Worker-13] INFO  o.e.m.c.i.e.AbstractTransferListenerAdapter - Downloaded https://repo.maven.apache.org/maven2/org/icefaces/icefaces-facelets/1.6.2/icefaces-facelets-1.6.2.jar
2018-12-24 18:26:40,506 [Worker-13] INFO  o.e.m.c.i.embedder.EclipseLogger - Installing D:\software\myeclipse2017\plugins\com.genuitec.eclipse.icefaces_13.0.0.me201602031002\data\1.6.2\ICEfaces-Facelets\icefaces-facelets.jar to C:\Users\Administrator\.m2\repository\org\icefaces\icefaces-facelets\1.6.2\icefaces-facelets-1.6.2.jar
2018-12-24 18:26:40,529 [Worker-13] INFO  o.e.m.c.i.embedder.EclipseLogger - Installing C:\Users\ADMINI~1\AppData\Local\Temp\mvninstall1834252059843302135.pom to C:\Users\Administrator\.m2\repository\org\icefaces\icefaces-facelets\1.6.2\icefaces-facelets-1.6.2.pom
2018-12-24 18:26:41,662 [Worker-13] INFO  o.e.m.c.i.e.AbstractTransferListenerAdapter - Downloaded https://repo.maven.apache.org/maven2/org/icefaces/icefaces-facelets/1.6.1/icefaces-facelets-1.6.1.jar
2018-12-24 18:26:41,673 [Worker-13] INFO  o.e.m.c.i.embedder.EclipseLogger - Installing D:\software\myeclipse2017\plugins\com.genuitec.eclipse.icefaces_13.0.0.me201602031002\data\1.6.1\ICEfaces-Facelets\icefaces-facelets.jar to C:\Users\Administrator\.m2\repository\org\icefaces\icefaces-facelets\1.6.1\icefaces-facelets-1.6.1.jar
2018-12-24 18:26:41,692 [Worker-13] INFO  o.e.m.c.i.embedder.EclipseLogger - Installing C:\Users\ADMINI~1\AppData\Local\Temp\mvninstall1327305925371755188.pom to C:\Users\Administrator\.m2\repository\org\icefaces\icefaces-facelets\1.6.1\icefaces-facelets-1.6.1.pom
2018-12-24 18:26:42,830 [Worker-13] INFO  o.e.m.c.i.e.AbstractTransferListenerAdapter - Downloaded https://repo.maven.apache.org/maven2/net/sourceforge/jexcelapi/jxl/2.6.8/jxl-2.6.8.jar
2018-12-24 18:26:42,840 [Worker-13] INFO  o.e.m.c.i.embedder.EclipseLogger - Installing D:\software\myeclipse2017\plugins\com.genuitec.eclipse.icefaces_13.0.0.me201602031002\data\net.sourceforge.jexcelapi\jxl\2.6.8\jxl.jar to C:\Users\Administrator\.m2\repository\net\sourceforge\jexcelapi\jxl\2.6.8\jxl-2.6.8.jar
2018-12-24 18:26:42,877 [Worker-13] INFO  o.e.m.c.i.embedder.EclipseLogger - Installing C:\Users\ADMINI~1\AppData\Local\Temp\mvninstall6098538823446702689.pom to C:\Users\Administrator\.m2\repository\net\sourceforge\jexcelapi\jxl\2.6.8\jxl-2.6.8.pom
2018-12-24 18:26:44,018 [Worker-13] INFO  o.e.m.c.i.e.AbstractTransferListenerAdapter - Downloaded https://repo.maven.apache.org/maven2/org/icefaces/icefaces-mobi/1.3.0/icefaces-mobi-1.3.0.jar
2018-12-24 18:26:44,029 [Worker-13] INFO  o.e.m.c.i.embedder.EclipseLogger - Installing D:\software\myeclipse2017\plugins\com.genuitec.eclipse.icefaces_13.0.0.me201602031002\data\org.icefaces\icefaces-mobi\1.3\icefaces-mobi.jar to C:\Users\Administrator\.m2\repository\org\icefaces\icefaces-mobi\1.3.0\icefaces-mobi-1.3.0.jar
2018-12-24 18:26:44,073 [Worker-13] INFO  o.e.m.c.i.embedder.EclipseLogger - Installing C:\Users\ADMINI~1\AppData\Local\Temp\mvninstall7705193145262995232.pom to C:\Users\Administrator\.m2\repository\org\icefaces\icefaces-mobi\1.3.0\icefaces-mobi-1.3.0.pom
2018-12-24 18:26:45,219 [Worker-13] INFO  o.e.m.c.i.e.AbstractTransferListenerAdapter - Downloaded https://repo.maven.apache.org/maven2/org/icepush/icepush/3.0.0/icepush-3.0.0.jar
2018-12-24 18:26:45,230 [Worker-13] INFO  o.e.m.c.i.embedder.EclipseLogger - Installing D:\software\myeclipse2017\plugins\com.genuitec.eclipse.icefaces_13.0.0.me201602031002\data\org.icepush\icepush\3.0\icepush.jar to C:\Users\Administrator\.m2\repository\org\icepush\icepush\3.0.0\icepush-3.0.0.jar
2018-12-24 18:26:45,251 [Worker-13] INFO  o.e.m.c.i.embedder.EclipseLogger - Installing C:\Users\ADMINI~1\AppData\Local\Temp\mvninstall7307594469558038001.pom to C:\Users\Administrator\.m2\repository\org\icepush\icepush\3.0.0\icepush-3.0.0.pom
2018-12-24 18:26:46,409 [Worker-13] INFO  o.e.m.c.i.e.AbstractTransferListenerAdapter - Downloaded https://repo.maven.apache.org/maven2/javax/activation/activation/1.0.2/activation-1.0.2.jar
2018-12-24 18:26:46,417 [Worker-13] INFO  o.e.m.c.i.embedder.EclipseLogger - Installing D:\software\myeclipse2017\plugins\com.genuitec.eclipse.j2eedt.core_13.0.0.me201612211440\data\libraryset\1.4\activation.jar to C:\Users\Administrator\.m2\repository\javax\activation\activation\1.0.2\activation-1.0.2.jar
2018-12-24 18:26:46,445 [Worker-13] INFO  o.e.m.c.i.embedder.EclipseLogger - Installing C:\Users\ADMINI~1\AppData\Local\Temp\mvninstall3556480493910055175.pom to C:\Users\Administrator\.m2\repository\javax\activation\activation\1.0.2\activation-1.0.2.pom
2018-12-24 18:26:47,610 [Worker-13] INFO  o.e.m.c.i.e.AbstractTransferListenerAdapter - Downloaded https://repo.maven.apache.org/maven2/javax/mail/mail/1.3.1/mail-1.3.1.jar
2018-12-24 18:26:47,619 [Worker-13] INFO  o.e.m.c.i.embedder.EclipseLogger - Installing D:\software\myeclipse2017\plugins\com.genuitec.eclipse.j2eedt.core_13.0.0.me201612211440\data\libraryset\1.4\mail.jar to C:\Users\Administrator\.m2\repository\javax\mail\mail\1.3.1\mail-1.3.1.jar
2018-12-24 18:26:47,683 [Worker-13] INFO  o.e.m.c.i.embedder.EclipseLogger - Installing C:\Users\ADMINI~1\AppData\Local\Temp\mvninstall2324538420706090275.pom to C:\Users\Administrator\.m2\repository\javax\mail\mail\1.3.1\mail-1.3.1.pom
2018-12-24 18:26:48,829 [Worker-13] INFO  o.e.m.c.i.e.AbstractTransferListenerAdapter - Downloaded https://repo.maven.apache.org/maven2/javax/xml/namespace/1.0.1/namespace-1.0.1.jar
2018-12-24 18:26:48,842 [Worker-13] INFO  o.e.m.c.i.embedder.EclipseLogger - Installing D:\software\myeclipse2017\plugins\com.genuitec.eclipse.j2eedt.core_13.0.0.me201612211440\data\libraryset\1.4\namespace.jar to C:\Users\Administrator\.m2\repository\javax\xml\namespace\1.0.1\namespace-1.0.1.jar
2018-12-24 18:26:48,868 [Worker-13] INFO  o.e.m.c.i.embedder.EclipseLogger - Installing C:\Users\ADMINI~1\AppData\Local\Temp\mvninstall5257460448281216878.pom to C:\Users\Administrator\.m2\repository\javax\xml\namespace\1.0.1\namespace-1.0.1.pom
2018-12-24 18:26:50,079 [Worker-13] INFO  o.e.m.c.i.e.AbstractTransferListenerAdapter - Downloaded https://repo.maven.apache.org/maven2/javax/sql/jdbc-stdext/2.0/jdbc-stdext-2.0.jar
2018-12-24 18:26:50,088 [Worker-13] INFO  o.e.m.c.i.embedder.EclipseLogger - Installing D:\software\myeclipse2017\plugins\com.genuitec.eclipse.j2eedt.core_13.0.0.me201612211440\data\libraryset\JSTL1.0\lib\jdbc2_0-stdext.jar to C:\Users\Administrator\.m2\repository\javax\sql\jdbc-stdext\2.0\jdbc-stdext-2.0.jar
2018-12-24 18:26:50,107 [Worker-13] INFO  o.e.m.c.i.embedder.EclipseLogger - Installing C:\Users\ADMINI~1\AppData\Local\Temp\mvninstall7651391859123594625.pom to C:\Users\Administrator\.m2\repository\javax\sql\jdbc-stdext\2.0\jdbc-stdext-2.0.pom
2018-12-24 18:26:51,693 [Worker-13] INFO  o.e.m.c.i.e.AbstractTransferListenerAdapter - Downloaded https://repo.maven.apache.org/maven2/javax/jts/jts/1.0/jts-1.0.jar
2018-12-24 18:26:51,708 [Worker-13] INFO  o.e.m.c.i.embedder.EclipseLogger - Installing D:\software\myeclipse2017\plugins\com.genuitec.eclipse.j2eedt.core_13.0.0.me201612211440\data\libraryset\1.3\jts.jar to C:\Users\Administrator\.m2\repository\javax\jts\jts\1.0\jts-1.0.jar
2018-12-24 18:26:51,770 [Worker-13] INFO  o.e.m.c.i.embedder.EclipseLogger - Installing C:\Users\ADMINI~1\AppData\Local\Temp\mvninstall7024979983210283978.pom to C:\Users\Administrator\.m2\repository\javax\jts\jts\1.0\jts-1.0.pom
2018-12-24 18:26:53,172 [Worker-13] INFO  o.e.m.c.i.e.AbstractTransferListenerAdapter - Downloaded https://repo.maven.apache.org/maven2/el-api/el-api/1.0/el-api-1.0.jar
2018-12-24 18:26:53,182 [Worker-13] INFO  o.e.m.c.i.embedder.EclipseLogger - Installing D:\software\myeclipse2017\configuration\org.eclipse.osgi\62\0\.cp\data\facelets\lib\el-api.jar to C:\Users\Administrator\.m2\repository\el-api\el-api\1.0\el-api-1.0.jar
2018-12-24 18:26:53,214 [Worker-13] INFO  o.e.m.c.i.embedder.EclipseLogger - Installing C:\Users\ADMINI~1\AppData\Local\Temp\mvninstall4109348616221768988.pom to C:\Users\Administrator\.m2\repository\el-api\el-api\1.0\el-api-1.0.pom
2018-12-24 18:26:54,766 [Worker-13] INFO  o.e.m.c.i.e.AbstractTransferListenerAdapter - Downloaded https://repo.maven.apache.org/maven2/el-ri/el-ri/1.0/el-ri-1.0.jar
2018-12-24 18:26:56,714 [Worker-0] ERROR o.e.m.c.i.i.nexus.NexusIndexManager - Unable to update index for central|https://repo.maven.apache.org/maven2
org.eclipse.core.runtime.OperationCanceledException: null
	at org.eclipse.m2e.core.internal.index.nexus.AetherClientResourceFetcher.retrieve(AetherClientResourceFetcher.java:90) ~[org.eclipse.m2e.core_1.7.0.me201611191457.jar:na]
	at org.apache.maven.index.updater.AbstractResourceFetcher.retrieve(AbstractResourceFetcher.java:35) ~[indexer-core-3.1.0.jar:3.1.0]
	at org.apache.maven.index.updater.DefaultIndexUpdater$LocalCacheIndexAdaptor.setIndexFile(DefaultIndexUpdater.java:700) ~[indexer-core-3.1.0.jar:3.1.0]
	at org.apache.maven.index.updater.DefaultIndexUpdater.fetchAndUpdateIndex(DefaultIndexUpdater.java:829) ~[indexer-core-3.1.0.jar:3.1.0]
	at org.apache.maven.index.updater.DefaultIndexUpdater.fetchAndUpdateIndex(DefaultIndexUpdater.java:135) ~[indexer-core-3.1.0.jar:3.1.0]
	at org.eclipse.m2e.core.internal.index.nexus.NexusIndexManager.updateRemoteIndex(NexusIndexManager.java:1238) [org.eclipse.m2e.core_1.7.0.me201611191457.jar:na]
	at org.eclipse.m2e.core.internal.index.nexus.NexusIndexManager.updateIndex(NexusIndexManager.java:1193) [org.eclipse.m2e.core_1.7.0.me201611191457.jar:na]
	at org.eclipse.m2e.core.internal.index.nexus.NexusIndexManager$1.run(NexusIndexManager.java:703) [org.eclipse.m2e.core_1.7.0.me201611191457.jar:na]
	at org.eclipse.m2e.core.internal.index.nexus.IndexUpdaterJob.run(IndexUpdaterJob.java:72) [org.eclipse.m2e.core_1.7.0.me201611191457.jar:na]
	at org.eclipse.core.internal.jobs.Worker.run(Worker.java:55) [org.eclipse.core.jobs_3.8.0.v20160509-0411.jar:na]
2018-12-24 18:31:33,638 [Worker-6] INFO  c.g.t.t.d.PublishedGradleVersions - Gradle version information cache is up-to-date. Trying to read.
2018-12-24 18:31:39,431 [Worker-3] INFO  o.e.m.c.i.i.nexus.NexusIndexManager - Updating index for repository: central|https://repo.maven.apache.org/maven2
2018-12-24 18:32:27,622 [Worker-3] ERROR o.e.m.c.i.i.nexus.NexusIndexManager - Unable to update index for central|https://repo.maven.apache.org/maven2
org.eclipse.core.runtime.OperationCanceledException: null
	at org.eclipse.m2e.core.internal.index.nexus.AetherClientResourceFetcher.retrieve(AetherClientResourceFetcher.java:90) ~[org.eclipse.m2e.core_1.7.0.me201611191457.jar:na]
	at org.apache.maven.index.updater.AbstractResourceFetcher.retrieve(AbstractResourceFetcher.java:35) ~[indexer-core-3.1.0.jar:3.1.0]
	at org.apache.maven.index.updater.DefaultIndexUpdater$LocalCacheIndexAdaptor.setIndexFile(DefaultIndexUpdater.java:700) ~[indexer-core-3.1.0.jar:3.1.0]
	at org.apache.maven.index.updater.DefaultIndexUpdater.fetchAndUpdateIndex(DefaultIndexUpdater.java:829) ~[indexer-core-3.1.0.jar:3.1.0]
	at org.apache.maven.index.updater.DefaultIndexUpdater.fetchAndUpdateIndex(DefaultIndexUpdater.java:135) ~[indexer-core-3.1.0.jar:3.1.0]
	at org.eclipse.m2e.core.internal.index.nexus.NexusIndexManager.updateRemoteIndex(NexusIndexManager.java:1238) [org.eclipse.m2e.core_1.7.0.me201611191457.jar:na]
	at org.eclipse.m2e.core.internal.index.nexus.NexusIndexManager.updateIndex(NexusIndexManager.java:1193) [org.eclipse.m2e.core_1.7.0.me201611191457.jar:na]
	at org.eclipse.m2e.core.internal.index.nexus.NexusIndexManager$1.run(NexusIndexManager.java:703) [org.eclipse.m2e.core_1.7.0.me201611191457.jar:na]
	at org.eclipse.m2e.core.internal.index.nexus.IndexUpdaterJob.run(IndexUpdaterJob.java:72) [org.eclipse.m2e.core_1.7.0.me201611191457.jar:na]
	at org.eclipse.core.internal.jobs.Worker.run(Worker.java:55) [org.eclipse.core.jobs_3.8.0.v20160509-0411.jar:na]
